<?xml version="1.0" encoding="UTF-8"?>
<!-- Generated by org.testng.reporters.JUnitReportReporter -->
<testsuite hostname="YusufAhmed" name="pageObjectModelTest.Dropdown" tests="2" failures="0" timestamp="21 Jan 2020 23:39:55 GMT" time="10.851" errors="0">
  <testcase name="selectByVisibleText2" time="5.747" classname="pageObjectModelTest.Dropdown"/>
  <testcase name="selectByVisibleText" time="5.104" classname="pageObjectModelTest.Dropdown"/>
</testsuite> <!-- pageObjectModelTest.Dropdown -->
